Determining if the pthread_create exist failed with the following output:
Change Dir: /home/RpcBaseProtobuf/RpcServer/build/CMakeFiles/CMakeTmp

Run Build Command:"/usr/bin/make" "cmTC_140bc/fast"
/usr/bin/make -f CMakeFiles/cmTC_140bc.dir/build.make CMakeFiles/cmTC_140bc.dir/build
make[1]: Entering directory '/home/RpcBaseProtobuf/RpcServer/build/CMakeFiles/CMakeTmp'
Building C object CMakeFiles/cmTC_140bc.dir/CheckSymbolExists.c.o
/usr/bin/cc    -o CMakeFiles/cmTC_140bc.dir/CheckSymbolExists.c.o   -c /home/RpcBaseProtobuf/RpcServer/build/CMakeFiles/CMakeTmp/CheckSymbolExists.c
Linking C executable cmTC_140bc
/usr/bin/cmake -E cmake_link_script CMakeFiles/cmTC_140bc.dir/link.txt --verbose=1
/usr/bin/cc      -rdynamic CMakeFiles/cmTC_140bc.dir/CheckSymbolExists.c.o  -o cmTC_140bc 
CMakeFiles/cmTC_140bc.dir/CheckSymbolExists.c.o: In function `main':
CheckSymbolExists.c:(.text+0x1b): undefined reference to `pthread_create'
collect2: error: ld returned 1 exit status
CMakeFiles/cmTC_140bc.dir/build.make:97: recipe for target 'cmTC_140bc' failed
make[1]: *** [cmTC_140bc] Error 1
make[1]: Leaving directory '/home/RpcBaseProtobuf/RpcServer/build/CMakeFiles/CMakeTmp'
Makefile:126: recipe for target 'cmTC_140bc/fast' failed
make: *** [cmTC_140bc/fast] Error 2

File /home/RpcBaseProtobuf/RpcServer/build/CMakeFiles/CMakeTmp/CheckSymbolExists.c:
/* */
#include <pthread.h>

int main(int argc, char** argv)
{
  (void)argv;
#ifndef pthread_create
  return ((int*)(&pthread_create))[argc];
#else
  (void)argc;
  return 0;
#endif
}

Determining if the function pthread_create exists in the pthreads failed with the following output:
Change Dir: /home/RpcBaseProtobuf/RpcServer/build/CMakeFiles/CMakeTmp

Run Build Command:"/usr/bin/make" "cmTC_389f6/fast"
/usr/bin/make -f CMakeFiles/cmTC_389f6.dir/build.make CMakeFiles/cmTC_389f6.dir/build
make[1]: Entering directory '/home/RpcBaseProtobuf/RpcServer/build/CMakeFiles/CMakeTmp'
Building C object CMakeFiles/cmTC_389f6.dir/CheckFunctionExists.c.o
/usr/bin/cc   -DCHECK_FUNCTION_EXISTS=pthread_create   -o CMakeFiles/cmTC_389f6.dir/CheckFunctionExists.c.o   -c /usr/share/cmake-3.10/Modules/CheckFunctionExists.c
Linking C executable cmTC_389f6
/usr/bin/cmake -E cmake_link_script CMakeFiles/cmTC_389f6.dir/link.txt --verbose=1
/usr/bin/cc  -DCHECK_FUNCTION_EXISTS=pthread_create    -rdynamic CMakeFiles/cmTC_389f6.dir/CheckFunctionExists.c.o  -o cmTC_389f6 -lpthreads 
/usr/bin/ld: cannot find -lpthreads
collect2: error: ld returned 1 exit status
CMakeFiles/cmTC_389f6.dir/build.make:97: recipe for target 'cmTC_389f6' failed
make[1]: *** [cmTC_389f6] Error 1
make[1]: Leaving directory '/home/RpcBaseProtobuf/RpcServer/build/CMakeFiles/CMakeTmp'
Makefile:126: recipe for target 'cmTC_389f6/fast' failed
make: *** [cmTC_389f6/fast] Error 2


